<?xml version="1.0" encoding="UTF-8"?>
<!-- Generated by org.testng.reporters.JUnitXMLReporter -->
<testsuite hostname="C1GF112CIQ" name="Default test" tests="3" failures="0" timestamp="6 Sep 2019 07:29:20 GMT" time="20.71" errors="0">
  <testcase name="TestStart_Facebook" time="4.47" classname="sep_Java_Programs.OpenBrowserTest"/>
  <testcase name="navigateURL" time="5.831" classname="sep_Java_Programs.OpenBrowserTest"/>
  <testcase name="RegisterFacebook" time="4.292" classname="sep_Java_Programs.OpenBrowserTest"/>
</testsuite> <!-- Default test -->
