<?xml version="1.0" encoding="UTF-8"?>
<testng-results skipped="0" failed="0" total="1" passed="1">
  <reporter-output>
  </reporter-output>
  <suite name="Default suite" duration-ms="20045" started-at="2019-08-26T06:54:31Z" finished-at="2019-08-26T06:54:51Z">
    <groups>
    </groups>
    <test name="Default test" duration-ms="20045" started-at="2019-08-26T06:54:31Z" finished-at="2019-08-26T06:54:51Z">
      <class name="practise_package_2.MainClass">
        <test-method status="PASS" signature="callingMethod(java.util.Hashtable)[pri:0, instance:practise_package_2.MainClass@3abada5a]" name="callingMethod" duration-ms="11981" started-at="2019-08-26T12:24:31Z" data-provider="getData" finished-at="2019-08-26T12:24:43Z">
          <params>
            <param index="0">
              <value>
                <![CDATA[{URL=https://www.zoho.eu/mail/login.html, userID=Manoj, Password=Password, Browser=chrome}]]>
              </value>
            </param>
          </params>
          <reporter-output>
          </reporter-output>
        </test-method> <!-- callingMethod -->
        <test-method status="PASS" signature="tearDown()[pri:0, instance:practise_package_2.MainClass@3abada5a]" name="tearDown" is-config="true" duration-ms="8032" started-at="2019-08-26T12:24:43Z" finished-at="2019-08-26T12:24:51Z">
          <reporter-output>
          </reporter-output>
        </test-method> <!-- tearDown -->
      </class> <!-- practise_package_2.MainClass -->
    </test> <!-- Default test -->
  </suite> <!-- Default suite -->
</testng-results>
