<?xml version="1.0" encoding="UTF-8"?>
<testng-results skipped="0" failed="0" total="3" passed="3">
  <reporter-output>
    <line>
      <![CDATA[Now wait execution till 3 second]]>
    </line>
    <line>
      <![CDATA[Radio_button_selected_Successfully]]>
    </line>
    <line>
      <![CDATA[Screenshot taken successfully....]]>
    </line>
    <line>
      <![CDATA[Now going to close all browser after 5 second]]>
    </line>
  </reporter-output>
  <suite name="Default suite" duration-ms="20710" started-at="2019-09-06T07:28:59Z" finished-at="2019-09-06T07:29:20Z">
    <groups>
    </groups>
    <test name="Default test" duration-ms="20710" started-at="2019-09-06T07:28:59Z" finished-at="2019-09-06T07:29:20Z">
      <class name="sep_Java_Programs.OpenBrowserTest">
        <test-method status="PASS" signature="init()[pri:0, instance:sep_Java_Programs.OpenBrowserTest@52feb982]" name="init" is-config="true" duration-ms="9" started-at="2019-09-06T12:58:59Z" finished-at="2019-09-06T12:58:59Z">
          <reporter-output>
          </reporter-output>
        </test-method> <!-- init -->
        <test-method status="PASS" signature="TestStart_Facebook()[pri:1, instance:sep_Java_Programs.OpenBrowserTest@52feb982]" name="TestStart_Facebook" duration-ms="4470" started-at="2019-09-06T12:58:59Z" finished-at="2019-09-06T12:59:04Z">
          <reporter-output>
          </reporter-output>
        </test-method> <!-- TestStart_Facebook -->
        <test-method status="PASS" signature="navigateURL()[pri:2, instance:sep_Java_Programs.OpenBrowserTest@52feb982]" name="navigateURL" duration-ms="5831" started-at="2019-09-06T12:59:04Z" finished-at="2019-09-06T12:59:10Z">
          <reporter-output>
          </reporter-output>
        </test-method> <!-- navigateURL -->
        <test-method status="PASS" signature="RegisterFacebook()[pri:3, instance:sep_Java_Programs.OpenBrowserTest@52feb982]" name="RegisterFacebook" duration-ms="4292" started-at="2019-09-06T12:59:10Z" finished-at="2019-09-06T12:59:14Z">
          <reporter-output>
            <line>
              <![CDATA[Now wait execution till 3 second]]>
            </line>
            <line>
              <![CDATA[Radio_button_selected_Successfully]]>
            </line>
            <line>
              <![CDATA[Screenshot taken successfully....]]>
            </line>
          </reporter-output>
        </test-method> <!-- RegisterFacebook -->
        <test-method status="PASS" signature="quitBrowser()[pri:0, instance:sep_Java_Programs.OpenBrowserTest@52feb982]" name="quitBrowser" is-config="true" duration-ms="6090" started-at="2019-09-06T12:59:14Z" finished-at="2019-09-06T12:59:20Z">
          <reporter-output>
            <line>
              <![CDATA[Now going to close all browser after 5 second]]>
            </line>
          </reporter-output>
        </test-method> <!-- quitBrowser -->
      </class> <!-- sep_Java_Programs.OpenBrowserTest -->
    </test> <!-- Default test -->
  </suite> <!-- Default suite -->
</testng-results>
